
> hypernode@0.0.1 build
> astro build

[2m14:58:15[22m [34m[types][39m Generated [2m321ms[22m
[2m14:58:15[22m [34m[build][39m output: [34m"static"[39m
[2m14:58:15[22m [34m[build][39m mode: [34m"static"[39m
[2m14:58:15[22m [34m[build][39m directory: [34mC:\Users\Elisa\Desktop\Hypernode\dist\[39m
[2m14:58:15[22m [34m[build][39m Collecting build info...
[2m14:58:15[22m [34m[build][39m [32m✓ Completed in 455ms.[39m
[2m14:58:16[22m [34m[build][39m Building static entrypoints...
[2m14:58:19[22m [34m[astro-icon][39m Loaded icons from src/icons, heroicons, simple-icons
[2m14:58:21[22m [34m[vite][39m [32m✓ built in 5.29s[39m
[2m14:58:23[22m [34m[vite][39m [32m✓ built in 1.80s[39m
[2m14:58:23[22m [34m[build][39m Rearranging server assets...

[42m[30m generating static routes [39m[49m
[2m14:58:23[22m   [34m├─[39m [2m/changelog/index.html[22m [2m(+483ms)[22m 
[2m14:58:24[22m   [34m├─[39m [2m/en/plans-and-prices/index.html[22m [2m(+89ms)[22m 
[2m14:58:24[22m   [34m├─[39m [2m/en/index.html[22m [2m(+51ms)[22m 
[2m14:58:24[22m   [34m├─[39m [2m/index.html[22m [2m(+14ms)[22m 
[2m14:58:24[22m [32m✓ Completed in 785ms.
[39m
[42m[30m generating optimized images [39m[49m
[2m14:58:24[22m   [32m▶[39m /_astro/frame-195-3x.CTFgy4ZX_Z1ivUEt.webp [2m(reused cache entry)[22m [2m(+59ms)[22m [2m(1/30)[22m
[2m14:58:24[22m   [32m▶[39m /_astro/hypernode-logo-white.DOv1SODO_Zm73Bn.webp [2m(reused cache entry)[22m [2m(+61ms)[22m [2m(2/30)[22m
[2m14:58:24[22m   [32m▶[39m /_astro/hypernode-insights.ByArybQf_283lGx.webp [2m(reused cache entry)[22m [2m(+60ms)[22m [2m(3/30)[22m
[2m14:58:24[22m   [32m▶[39m /_astro/hosting-solutions.CWUyySlO_1PQSPW.svg [2m(reused cache entry)[22m [2m(+60ms)[22m [2m(4/30)[22m
[2m14:58:24[22m   [32m▶[39m /_astro/scale-whenever-you-want.BDtBY_eW_14H8N2.svg [2m(reused cache entry)[22m [2m(+62ms)[22m [2m(5/30)[22m
[2m14:58:24[22m   [32m▶[39m /_astro/faster-than-fast.B5V8JgHa_14H8N2.svg [2m(reused cache entry)[22m [2m(+63ms)[22m [2m(6/30)[22m
[2m14:58:24[22m   [32m▶[39m /_astro/rely-on-magento.C5iTJdxt_Z1X033X.svg [2m(reused cache entry)[22m [2m(+63ms)[22m [2m(7/30)[22m
[2m14:58:24[22m   [32m▶[39m /_astro/developers-favourite.Cfd9F7KC_KWMfc.svg [2m(reused cache entry)[22m [2m(+63ms)[22m [2m(8/30)[22m
[2m14:58:24[22m   [32m▶[39m /_astro/offering-all-hosting-types.DxKLjxtR_KWMfc.svg [2m(reused cache entry)[22m [2m(+66ms)[22m [2m(9/30)[22m
[2m14:58:24[22m   [32m▶[39m /_astro/agencies-trust.Bp2XPAj7_KWMfc.svg [2m(reused cache entry)[22m [2m(+67ms)[22m [2m(10/30)[22m
[2m14:58:24[22m   [32m▶[39m /_astro/intersport-twinsport.CaP86e8u_1DN8wX.webp [2m(reused cache entry)[22m [2m(+67ms)[22m [2m(11/30)[22m
[2m14:58:24[22m   [32m▶[39m /_astro/nikkie.clAJgIZC_1yubPG.webp [2m(reused cache entry)[22m [2m(+68ms)[22m [2m(12/30)[22m
[2m14:58:24[22m   [32m▶[39m /_astro/logo.D_M6jrSY_1kkVKg.svg [2m(reused cache entry)[22m [2m(+13ms)[22m [2m(13/30)[22m
[2m14:58:24[22m   [32m▶[39m /_astro/pme.TluE83Yq_Z29EKFe.svg [2m(reused cache entry)[22m [2m(+17ms)[22m [2m(14/30)[22m
[2m14:58:24[22m   [32m▶[39m /_astro/fairphone.DW_2AnWM_Z1YuXbt.svg [2m(reused cache entry)[22m [2m(+14ms)[22m [2m(15/30)[22m
[2m14:58:24[22m   [32m▶[39m /_astro/cloud-hosting.BAMX9leh_1PQSPW.svg [2m(reused cache entry)[22m [2m(+15ms)[22m [2m(16/30)[22m
[2m14:58:24[22m   [32m▶[39m /_astro/dedicated-hosting.CVLkPO7z_1PQSPW.svg [2m(reused cache entry)[22m [2m(+15ms)[22m [2m(17/30)[22m
[2m14:58:24[22m   [32m▶[39m /_astro/enterprise-monitoring.CdrH7WfT_KWMfc.svg [2m(reused cache entry)[22m [2m(+13ms)[22m [2m(18/30)[22m
[2m14:58:24[22m   [32m▶[39m /_astro/cluster-hosting.pEi11qWi_1PQSPW.svg [2m(reused cache entry)[22m [2m(+14ms)[22m [2m(19/30)[22m
[2m14:58:24[22m   [32m▶[39m /_astro/control-panel.Cm0MJmH1_ZePuz6.webp [2m(reused cache entry)[22m [2m(+13ms)[22m [2m(20/30)[22m
[2m14:58:24[22m   [32m▶[39m /_astro/server-updates.CsludPOE_KWMfc.svg [2m(reused cache entry)[22m [2m(+14ms)[22m [2m(21/30)[22m
[2m14:58:24[22m   [32m▶[39m /_astro/green-hosting.BqYb37Zp_1PQSPW.svg [2m(reused cache entry)[22m [2m(+15ms)[22m [2m(22/30)[22m
[2m14:58:24[22m   [32m▶[39m /_astro/youwe.CIvRuvHc_Z1GXKT3.svg [2m(reused cache entry)[22m [2m(+15ms)[22m [2m(23/30)[22m
[2m14:58:24[22m   [32m▶[39m /_astro/tjitte.AsViaUBy_Z2dvLoK.webp [2m(reused cache entry)[22m [2m(+15ms)[22m [2m(24/30)[22m
[2m14:58:24[22m   [32m▶[39m /_astro/hyva-logo.DT6cd00-_ZOhlAp.webp [2m(reused cache entry)[22m [2m(+12ms)[22m [2m(25/30)[22m
[2m14:58:24[22m   [32m▶[39m /_astro/willem.0qKyEqbe_Z4xdr9.webp [2m(reused cache entry)[22m [2m(+12ms)[22m [2m(26/30)[22m
[2m14:58:24[22m   [32m▶[39m /_astro/refined-logo.IDMVs89H_1B7ULN.webp [2m(reused cache entry)[22m [2m(+12ms)[22m [2m(27/30)[22m
[2m14:58:24[22m   [32m▶[39m /_astro/support.nipKnXBk_1PQSPW.svg [2m(reused cache entry)[22m [2m(+12ms)[22m [2m(28/30)[22m
[2m14:58:24[22m   [32m▶[39m /_astro/worldwide-coverage.CtHPUPks_1PQSPW.svg [2m(reused cache entry)[22m [2m(+12ms)[22m [2m(29/30)[22m
[2m14:58:24[22m   [32m▶[39m /_astro/rowan.CRJUdavP_2lDg30.webp [2m(reused cache entry)[22m [2m(+15ms)[22m [2m(30/30)[22m
[2m14:58:24[22m [32m✓ Completed in 96ms.
[39m
[2m14:58:24[22m [34m[build][39m [32m✓ Completed in 8.47s.[39m
[2m14:58:24[22m [34m[@astrojs/sitemap][39m `sitemap-index.xml` created at `dist`
[2m14:58:24[22m [34m[build][39m 4 page(s) built in [1m9.07s[22m
[2m14:58:24[22m [34m[build][39m [1mComplete![22m
